<?xml version="1.0" encoding="UTF-8"?>
<!-- Generated by org.testng.reporters.JUnitReportReporter -->
<testsuite hostname="LAPTOP-GI6MMR22" name="runner.TestRunner" tests="1" failures="0" timestamp="23 May 2018 00:58:25 GMT" time="5.907" errors="0">
  <testcase name="feature" time="5.907" classname="runner.TestRunner"/>
</testsuite> <!-- runner.TestRunner -->
